\BOOKMARK [0][-]{docutils0.0}{M\341ster}{}% 1
\BOOKMARK [1][-]{docutils1.1}{Apuntes breves}{docutils0.0}% 2
\BOOKMARK [0][-]{docutils2.0}{Tema 0:Introducci\363n}{}% 3
\BOOKMARK [1][-]{docutils3.1}{M\341ster de Profesorado en Secundaria}{docutils2.0}% 4
\BOOKMARK [2][-]{docutils4.2}{Temario de este m\363dulo}{docutils3.1}% 5
\BOOKMARK [2][-]{docutils5.2}{Sobre los tipos de profesor}{docutils3.1}% 6
\BOOKMARK [2][-]{docutils6.2}{El acceso a la profesi\363n \(I\)}{docutils3.1}% 7
\BOOKMARK [2][-]{docutils7.2}{El acceso a la profesi\363n \(II\)}{docutils3.1}% 8
\BOOKMARK [2][-]{docutils8.2}{El acceso a la profesi\363n \(III\)}{docutils3.1}% 9
\BOOKMARK [2][-]{docutils9.2}{Los ex\341menes: La primera parte}{docutils3.1}% 10
\BOOKMARK [2][-]{docutils10.2}{Los ex\341menes: la segunda parte}{docutils3.1}% 11
\BOOKMARK [2][-]{docutils11.2}{Tras los ex\341menes: el concurso}{docutils3.1}% 12
\BOOKMARK [2][-]{docutils12.2}{En l\355neas generales}{docutils3.1}% 13
\BOOKMARK [2][-]{docutils13.2}{Fase de pr\341cticas}{docutils3.1}% 14
\BOOKMARK [2][-]{docutils14.2}{Fase final}{docutils3.1}% 15
\BOOKMARK [2][-]{docutils15.2}{Resumen}{docutils3.1}% 16
\BOOKMARK [0][-]{docutils16.0}{Tema 1:Curr\355culo y planificaci\363n}{}% 17
\BOOKMARK [1][-]{docutils17.1}{M\341ster de Profesorado en Secundaria}{docutils16.0}% 18
\BOOKMARK [2][-]{docutils18.2}{Introducci\363n}{docutils17.1}% 19
\BOOKMARK [2][-]{docutils19.2}{El curr\355culo en Espa\361a}{docutils17.1}% 20
\BOOKMARK [2][-]{docutils20.2}{La LOGSE}{docutils17.1}% 21
\BOOKMARK [2][-]{docutils21.2}{La LOCE}{docutils17.1}% 22
\BOOKMARK [2][-]{docutils22.2}{La LOE}{docutils17.1}% 23
\BOOKMARK [2][-]{docutils23.2}{La LOE \(II\)}{docutils17.1}% 24
\BOOKMARK [2][-]{docutils24.2}{Los documentos de un centro}{docutils17.1}% 25
\BOOKMARK [2][-]{docutils25.2}{Elementos de una programaci\363n}{docutils17.1}% 26
\BOOKMARK [2][-]{docutils26.2}{Referentes estatales \(elemento 1\)}{docutils17.1}% 27
\BOOKMARK [2][-]{docutils27.2}{Referentes auton\363micos \(elemento 1\)}{docutils17.1}% 28
\BOOKMARK [2][-]{docutils28.2}{Referentes locales \(elemento 1\)}{docutils17.1}% 29
\BOOKMARK [2][-]{docutils29.2}{Competencias \(elemento 2\)}{docutils17.1}% 30
\BOOKMARK [2][-]{docutils30.2}{Objetivos \(elemento 2\)}{docutils17.1}% 31
\BOOKMARK [2][-]{docutils31.2}{Secuenciaci\363n \(elemento 2\)}{docutils17.1}% 32
\BOOKMARK [2][-]{docutils32.2}{Criterios de evaluaci\363n \(elemento 2\)}{docutils17.1}% 33
\BOOKMARK [2][-]{docutils33.2}{Criterios de evaluaci\363n \(elemento 2\)}{docutils17.1}% 34
\BOOKMARK [2][-]{docutils34.2}{Criterios de evaluaci\363n \(elemento 2\)}{docutils17.1}% 35
\BOOKMARK [2][-]{docutils35.2}{Elementos de una programaci\363n}{docutils17.1}% 36
\BOOKMARK [2][-]{docutils36.2}{La introducci\363n}{docutils17.1}% 37
\BOOKMARK [2][-]{docutils37.2}{La contextualizaci\363n}{docutils17.1}% 38
\BOOKMARK [2][-]{docutils38.2}{Los objetivos y/o competencias}{docutils17.1}% 39
\BOOKMARK [2][-]{docutils39.2}{La metodolog\355a}{docutils17.1}% 40
\BOOKMARK [2][-]{docutils40.2}{Las actividades}{docutils17.1}% 41
\BOOKMARK [2][-]{docutils41.2}{Evaluaci\363n del alumno}{docutils17.1}% 42
\BOOKMARK [2][-]{docutils42.2}{Evaluaci\363n del profesor}{docutils17.1}% 43
\BOOKMARK [0][-]{docutils43.0}{Tema 2:El sistema educativo-ESO}{}% 44
\BOOKMARK [1][-]{docutils44.1}{M\341ster de Profesorado en Secundaria}{docutils43.0}% 45
\BOOKMARK [2][-]{docutils45.2}{Introducci\363n}{docutils44.1}% 46
\BOOKMARK [2][-]{docutils46.2}{Las TIC en el curr\355culo}{docutils44.1}% 47
\BOOKMARK [2][-]{docutils47.2}{Las competencias en la ESO}{docutils44.1}% 48
\BOOKMARK [2][-]{docutils48.2}{Las competencias en la ESO \(II\)}{docutils44.1}% 49
\BOOKMARK [2][-]{docutils49.2}{La terminolog\355a}{docutils44.1}% 50
\BOOKMARK [2][-]{docutils50.2}{Una opini\363n personal}{docutils44.1}% 51
\BOOKMARK [2][-]{docutils51.2}{Inform\341tica \(4\272 de ESO\)}{docutils44.1}% 52
\BOOKMARK [2][-]{docutils52.2}{Inform\341tica \(4\272 de ESO\):Objetivos generales}{docutils44.1}% 53
\BOOKMARK [2][-]{docutils53.2}{Inform\341tica \(4\272 de ESO\):Contenidos del bloque I}{docutils44.1}% 54
\BOOKMARK [2][-]{docutils54.2}{Inform\341tica \(4\272 de ESO\):Contenidos del bloque II}{docutils44.1}% 55
\BOOKMARK [2][-]{docutils55.2}{Inform\341tica \(4\272 de ESO\):Contenidos del bloque III}{docutils44.1}% 56
\BOOKMARK [2][-]{docutils56.2}{Inform\341tica \(4\272 de ESO\):Criterios de evaluaci\363n}{docutils44.1}% 57
\BOOKMARK [2][-]{docutils57.2}{Inform\341tica \(4\272 de ESO\):Criterios de evaluaci\363n \(II\)}{docutils44.1}% 58
\BOOKMARK [2][-]{docutils58.2}{Inform\341tica \(4\272 de ESO\):Criterios de evaluaci\363n \(III\)}{docutils44.1}% 59
\BOOKMARK [2][-]{docutils59.2}{Inform\341tica \(4\272 de ESO\):Criterios de evaluaci\363n}{docutils44.1}% 60
